[2025-12-10T16:04:02.019+0000] {taskinstance.py:1157} INFO - Dependencies all met for dep_context=non-requeueable deps ti=<TaskInstance: crypto_dbt_docker.dbt_run scheduled__2025-12-10T16:03:00+00:00 [queued]>
[2025-12-10T16:04:02.025+0000] {taskinstance.py:1157} INFO - Dependencies all met for dep_context=requeueable deps ti=<TaskInstance: crypto_dbt_docker.dbt_run scheduled__2025-12-10T16:03:00+00:00 [queued]>
[2025-12-10T16:04:02.026+0000] {taskinstance.py:1359} INFO - Starting attempt 1 of 1
[2025-12-10T16:04:02.042+0000] {taskinstance.py:1380} INFO - Executing <Task(BashOperator): dbt_run> on 2025-12-10 16:03:00+00:00
[2025-12-10T16:04:02.050+0000] {standard_task_runner.py:57} INFO - Started process 509 to run task
[2025-12-10T16:04:02.053+0000] {standard_task_runner.py:84} INFO - Running: ['***', 'tasks', 'run', 'crypto_dbt_docker', 'dbt_run', 'scheduled__2025-12-10T16:03:00+00:00', '--job-id', '102', '--raw', '--subdir', 'DAGS_FOLDER/dbt_pipeline.py', '--cfg-path', '/tmp/tmpn87zsl93']
[2025-12-10T16:04:02.056+0000] {standard_task_runner.py:85} INFO - Job 102: Subtask dbt_run
[2025-12-10T16:04:02.078+0000] {logging_mixin.py:151} WARNING - /home/***/.local/lib/python3.8/site-packages/***/settings.py:195 DeprecationWarning: The sql_alchemy_conn option in [core] has been moved to the sql_alchemy_conn option in [database] - the old setting has been used, but please update your config.
[2025-12-10T16:04:02.118+0000] {task_command.py:415} INFO - Running <TaskInstance: crypto_dbt_docker.dbt_run scheduled__2025-12-10T16:03:00+00:00 [running]> on host 35423fd881ec
[2025-12-10T16:04:02.225+0000] {taskinstance.py:1660} INFO - Exporting env vars: AIRFLOW_CTX_DAG_OWNER='***' AIRFLOW_CTX_DAG_ID='crypto_dbt_docker' AIRFLOW_CTX_TASK_ID='dbt_run' AIRFLOW_CTX_EXECUTION_DATE='2025-12-10T16:03:00+00:00' AIRFLOW_CTX_TRY_NUMBER='1' AIRFLOW_CTX_DAG_RUN_ID='scheduled__2025-12-10T16:03:00+00:00'
[2025-12-10T16:04:02.226+0000] {subprocess.py:63} INFO - Tmp dir root location: /tmp
[2025-12-10T16:04:02.227+0000] {subprocess.py:75} INFO - Running command: ['/bin/bash', '-c', 'dbt run --project-dir /opt/***/dbt_project --profiles-dir /opt/***/dbt_profiles']
[2025-12-10T16:04:02.242+0000] {subprocess.py:86} INFO - Output:
[2025-12-10T16:04:04.241+0000] {subprocess.py:93} INFO - [0m16:04:04  Running with dbt=1.8.7
[2025-12-10T16:04:05.219+0000] {subprocess.py:93} INFO - [0m16:04:05  Registered adapter: snowflake=1.8.4
[2025-12-10T16:04:05.754+0000] {subprocess.py:93} INFO - [0m16:04:05  Found 5 models, 1 snapshot, 1 seed, 1 source, 454 macros
[2025-12-10T16:04:05.756+0000] {subprocess.py:93} INFO - [0m16:04:05
[2025-12-10T16:05:45.724+0000] {local_task_job_runner.py:115} ERROR - Received SIGTERM. Terminating subprocesses
[2025-12-10T16:05:45.728+0000] {process_utils.py:131} INFO - Sending 15 to group 509. PIDs of all processes in the group: [510, 525, 509]
[2025-12-10T16:05:45.728+0000] {process_utils.py:86} INFO - Sending the signal 15 to group 509
[2025-12-10T16:05:45.729+0000] {taskinstance.py:1630} ERROR - Received SIGTERM. Terminating subprocesses.
[2025-12-10T16:05:45.729+0000] {subprocess.py:104} INFO - Sending SIGTERM signal to process group
[2025-12-10T16:05:45.757+0000] {taskinstance.py:1935} ERROR - Task failed with exception
Traceback (most recent call last):
  File "/home/airflow/.local/lib/python3.8/site-packages/airflow/operators/bash.py", line 201, in execute
    result = self.subprocess_hook.run_command(
  File "/home/airflow/.local/lib/python3.8/site-packages/airflow/hooks/subprocess.py", line 91, in run_command
    for raw_line in iter(self.sub_process.stdout.readline, b""):
  File "/home/airflow/.local/lib/python3.8/site-packages/airflow/models/taskinstance.py", line 1632, in signal_handler
    raise AirflowException("Task received SIGTERM signal")
airflow.exceptions.AirflowException: Task received SIGTERM signal
[2025-12-10T16:05:45.770+0000] {taskinstance.py:1398} INFO - Marking task as FAILED. dag_id=crypto_dbt_docker, task_id=dbt_run, execution_date=20251210T160300, start_date=20251210T160402, end_date=20251210T160545
[2025-12-10T16:05:45.803+0000] {standard_task_runner.py:104} ERROR - Failed to execute job 102 for task dbt_run (Task received SIGTERM signal; 509)
[2025-12-10T16:05:45.834+0000] {process_utils.py:79} INFO - Process psutil.Process(pid=525, status='terminated', started='16:04:04') (525) terminated with exit code None
[2025-12-10T16:05:45.835+0000] {process_utils.py:79} INFO - Process psutil.Process(pid=509, status='terminated', exitcode=1, started='16:04:01') (509) terminated with exit code 1
[2025-12-10T16:05:45.847+0000] {process_utils.py:79} INFO - Process psutil.Process(pid=510, status='terminated', started='16:04:01') (510) terminated with exit code None
[2025-12-10T16:05:45.849+0000] {local_task_job_runner.py:228} INFO - Task exited with return code 143
[2025-12-10T16:05:45.887+0000] {taskinstance.py:2776} INFO - 0 downstream tasks scheduled from follow-on schedule check
