[2025-12-10T03:59:01.203+0000] {taskinstance.py:1157} INFO - Dependencies all met for dep_context=non-requeueable deps ti=<TaskInstance: crypto_dbt_docker.dbt_run scheduled__2025-12-10T03:58:00+00:00 [queued]>
[2025-12-10T03:59:01.209+0000] {taskinstance.py:1157} INFO - Dependencies all met for dep_context=requeueable deps ti=<TaskInstance: crypto_dbt_docker.dbt_run scheduled__2025-12-10T03:58:00+00:00 [queued]>
[2025-12-10T03:59:01.209+0000] {taskinstance.py:1359} INFO - Starting attempt 1 of 1
[2025-12-10T03:59:01.224+0000] {taskinstance.py:1380} INFO - Executing <Task(BashOperator): dbt_run> on 2025-12-10 03:58:00+00:00
[2025-12-10T03:59:01.231+0000] {standard_task_runner.py:57} INFO - Started process 397 to run task
[2025-12-10T03:59:01.234+0000] {standard_task_runner.py:84} INFO - Running: ['***', 'tasks', 'run', 'crypto_dbt_docker', 'dbt_run', 'scheduled__2025-12-10T03:58:00+00:00', '--job-id', '17', '--raw', '--subdir', 'DAGS_FOLDER/dbt_pipeline.py', '--cfg-path', '/tmp/tmpf6ui5pbo']
[2025-12-10T03:59:01.237+0000] {standard_task_runner.py:85} INFO - Job 17: Subtask dbt_run
[2025-12-10T03:59:01.258+0000] {logging_mixin.py:151} WARNING - /home/***/.local/lib/python3.8/site-packages/***/settings.py:195 DeprecationWarning: The sql_alchemy_conn option in [core] has been moved to the sql_alchemy_conn option in [database] - the old setting has been used, but please update your config.
[2025-12-10T03:59:01.298+0000] {task_command.py:415} INFO - Running <TaskInstance: crypto_dbt_docker.dbt_run scheduled__2025-12-10T03:58:00+00:00 [running]> on host 35423fd881ec
[2025-12-10T03:59:01.420+0000] {taskinstance.py:1660} INFO - Exporting env vars: AIRFLOW_CTX_DAG_OWNER='***' AIRFLOW_CTX_DAG_ID='crypto_dbt_docker' AIRFLOW_CTX_TASK_ID='dbt_run' AIRFLOW_CTX_EXECUTION_DATE='2025-12-10T03:58:00+00:00' AIRFLOW_CTX_TRY_NUMBER='1' AIRFLOW_CTX_DAG_RUN_ID='scheduled__2025-12-10T03:58:00+00:00'
[2025-12-10T03:59:01.422+0000] {subprocess.py:63} INFO - Tmp dir root location: /tmp
[2025-12-10T03:59:01.424+0000] {subprocess.py:75} INFO - Running command: ['/bin/bash', '-c', 'dbt run --project-dir /opt/***/dbt_project --profiles-dir /opt/***/dbt_profiles']
[2025-12-10T03:59:01.442+0000] {subprocess.py:86} INFO - Output:
[2025-12-10T03:59:03.473+0000] {subprocess.py:93} INFO - [0m03:59:03  Running with dbt=1.8.7
[2025-12-10T03:59:05.390+0000] {subprocess.py:93} INFO - [0m03:59:05  Registered adapter: snowflake=1.8.4
[2025-12-10T03:59:05.422+0000] {subprocess.py:93} INFO - [0m03:59:05  Unable to do partial parsing because saved manifest not found. Starting full parse.
[2025-12-10T03:59:06.580+0000] {subprocess.py:93} INFO - [0m03:59:06  [[33mWARNING[0m]: Configuration paths exist in your dbt_project.yml file which do not apply to any resources.
[2025-12-10T03:59:06.580+0000] {subprocess.py:93} INFO - There are 2 unused configuration paths:
[2025-12-10T03:59:06.581+0000] {subprocess.py:93} INFO - - models.crypto_transform.silver
[2025-12-10T03:59:06.581+0000] {subprocess.py:93} INFO - - models.crypto_transform.gold
[2025-12-10T03:59:06.651+0000] {subprocess.py:93} INFO - [0m03:59:06  Found 454 macros
[2025-12-10T03:59:06.652+0000] {subprocess.py:93} INFO - [0m03:59:06
[2025-12-10T03:59:06.653+0000] {subprocess.py:93} INFO - [0m03:59:06  Nothing to do. Try checking your model configs and model specification args
[2025-12-10T03:59:11.602+0000] {subprocess.py:97} INFO - Command exited with return code 0
[2025-12-10T03:59:11.632+0000] {taskinstance.py:1398} INFO - Marking task as SUCCESS. dag_id=crypto_dbt_docker, task_id=dbt_run, execution_date=20251210T035800, start_date=20251210T035901, end_date=20251210T035911
[2025-12-10T03:59:11.688+0000] {local_task_job_runner.py:228} INFO - Task exited with return code 0
[2025-12-10T03:59:11.710+0000] {taskinstance.py:2776} INFO - 1 downstream tasks scheduled from follow-on schedule check
