[2025-12-10T04:18:01.227+0000] {taskinstance.py:1157} INFO - Dependencies all met for dep_context=non-requeueable deps ti=<TaskInstance: crypto_dbt_docker.dbt_run scheduled__2025-12-10T04:17:00+00:00 [queued]>
[2025-12-10T04:18:01.234+0000] {taskinstance.py:1157} INFO - Dependencies all met for dep_context=requeueable deps ti=<TaskInstance: crypto_dbt_docker.dbt_run scheduled__2025-12-10T04:17:00+00:00 [queued]>
[2025-12-10T04:18:01.234+0000] {taskinstance.py:1359} INFO - Starting attempt 1 of 1
[2025-12-10T04:18:01.250+0000] {taskinstance.py:1380} INFO - Executing <Task(BashOperator): dbt_run> on 2025-12-10 04:17:00+00:00
[2025-12-10T04:18:01.258+0000] {standard_task_runner.py:57} INFO - Started process 1080 to run task
[2025-12-10T04:18:01.261+0000] {standard_task_runner.py:84} INFO - Running: ['***', 'tasks', 'run', 'crypto_dbt_docker', 'dbt_run', 'scheduled__2025-12-10T04:17:00+00:00', '--job-id', '39', '--raw', '--subdir', 'DAGS_FOLDER/dbt_pipeline.py', '--cfg-path', '/tmp/tmpl0rpr5ou']
[2025-12-10T04:18:01.265+0000] {standard_task_runner.py:85} INFO - Job 39: Subtask dbt_run
[2025-12-10T04:18:01.291+0000] {logging_mixin.py:151} WARNING - /home/***/.local/lib/python3.8/site-packages/***/settings.py:195 DeprecationWarning: The sql_alchemy_conn option in [core] has been moved to the sql_alchemy_conn option in [database] - the old setting has been used, but please update your config.
[2025-12-10T04:18:01.339+0000] {task_command.py:415} INFO - Running <TaskInstance: crypto_dbt_docker.dbt_run scheduled__2025-12-10T04:17:00+00:00 [running]> on host 35423fd881ec
[2025-12-10T04:18:01.448+0000] {taskinstance.py:1660} INFO - Exporting env vars: AIRFLOW_CTX_DAG_OWNER='***' AIRFLOW_CTX_DAG_ID='crypto_dbt_docker' AIRFLOW_CTX_TASK_ID='dbt_run' AIRFLOW_CTX_EXECUTION_DATE='2025-12-10T04:17:00+00:00' AIRFLOW_CTX_TRY_NUMBER='1' AIRFLOW_CTX_DAG_RUN_ID='scheduled__2025-12-10T04:17:00+00:00'
[2025-12-10T04:18:01.450+0000] {subprocess.py:63} INFO - Tmp dir root location: /tmp
[2025-12-10T04:18:01.451+0000] {subprocess.py:75} INFO - Running command: ['/bin/bash', '-c', 'dbt run --project-dir /opt/***/dbt_project --profiles-dir /opt/***/dbt_profiles']
[2025-12-10T04:18:01.465+0000] {subprocess.py:86} INFO - Output:
[2025-12-10T04:18:03.368+0000] {subprocess.py:93} INFO - [0m04:18:03  Running with dbt=1.8.7
[2025-12-10T04:18:04.326+0000] {subprocess.py:93} INFO - [0m04:18:04  Registered adapter: snowflake=1.8.4
[2025-12-10T04:18:04.499+0000] {subprocess.py:93} INFO - [0m04:18:04  [[33mWARNING[0m]: Configuration paths exist in your dbt_project.yml file which do not apply to any resources.
[2025-12-10T04:18:04.499+0000] {subprocess.py:93} INFO - There are 2 unused configuration paths:
[2025-12-10T04:18:04.500+0000] {subprocess.py:93} INFO - - models.crypto_transform.gold
[2025-12-10T04:18:04.500+0000] {subprocess.py:93} INFO - - models.crypto_transform.silver
[2025-12-10T04:18:04.656+0000] {subprocess.py:93} INFO - [0m04:18:04  Found 1 model, 1 source, 454 macros
[2025-12-10T04:18:04.750+0000] {subprocess.py:93} INFO - [0m04:18:04
[2025-12-10T04:18:10.019+0000] {subprocess.py:93} INFO - [0m04:18:10  Concurrency: 1 threads (target='dev')
[2025-12-10T04:18:10.020+0000] {subprocess.py:93} INFO - [0m04:18:10
[2025-12-10T04:18:10.032+0000] {subprocess.py:93} INFO - [0m04:18:10  1 of 1 START sql view model public.bronze_data ................................. [RUN]
[2025-12-10T04:18:11.489+0000] {subprocess.py:93} INFO - [0m04:18:11  1 of 1 OK created sql view model public.bronze_data ............................ [[32mSUCCESS 1[0m in 1.45s]
[2025-12-10T04:18:11.494+0000] {subprocess.py:93} INFO - [0m04:18:11
[2025-12-10T04:18:11.494+0000] {subprocess.py:93} INFO - [0m04:18:11  Finished running 1 view model in 0 hours 0 minutes and 6.74 seconds (6.74s).
[2025-12-10T04:18:11.529+0000] {subprocess.py:93} INFO - [0m04:18:11
[2025-12-10T04:18:11.529+0000] {subprocess.py:93} INFO - [0m04:18:11  [32mCompleted successfully[0m
[2025-12-10T04:18:11.530+0000] {subprocess.py:93} INFO - [0m04:18:11
[2025-12-10T04:18:11.530+0000] {subprocess.py:93} INFO - [0m04:18:11  Done. PASS=1 WARN=0 ERROR=0 SKIP=0 TOTAL=1
[2025-12-10T04:18:17.148+0000] {subprocess.py:97} INFO - Command exited with return code 0
[2025-12-10T04:18:17.184+0000] {taskinstance.py:1398} INFO - Marking task as SUCCESS. dag_id=crypto_dbt_docker, task_id=dbt_run, execution_date=20251210T041700, start_date=20251210T041801, end_date=20251210T041817
[2025-12-10T04:18:17.232+0000] {local_task_job_runner.py:228} INFO - Task exited with return code 0
[2025-12-10T04:18:17.254+0000] {taskinstance.py:2776} INFO - 1 downstream tasks scheduled from follow-on schedule check
