[2025-12-10T05:31:12.315+0000] {taskinstance.py:1157} INFO - Dependencies all met for dep_context=non-requeueable deps ti=<TaskInstance: crypto_dbt_docker.dbt_run scheduled__2025-12-10T05:30:00+00:00 [queued]>
[2025-12-10T05:31:12.330+0000] {taskinstance.py:1157} INFO - Dependencies all met for dep_context=requeueable deps ti=<TaskInstance: crypto_dbt_docker.dbt_run scheduled__2025-12-10T05:30:00+00:00 [queued]>
[2025-12-10T05:31:12.331+0000] {taskinstance.py:1359} INFO - Starting attempt 1 of 1
[2025-12-10T05:31:12.355+0000] {taskinstance.py:1380} INFO - Executing <Task(BashOperator): dbt_run> on 2025-12-10 05:30:00+00:00
[2025-12-10T05:31:12.368+0000] {standard_task_runner.py:57} INFO - Started process 3251 to run task
[2025-12-10T05:31:12.375+0000] {standard_task_runner.py:84} INFO - Running: ['***', 'tasks', 'run', 'crypto_dbt_docker', 'dbt_run', 'scheduled__2025-12-10T05:30:00+00:00', '--job-id', '90', '--raw', '--subdir', 'DAGS_FOLDER/dbt_pipeline.py', '--cfg-path', '/tmp/tmp2aofmabr']
[2025-12-10T05:31:12.379+0000] {standard_task_runner.py:85} INFO - Job 90: Subtask dbt_run
[2025-12-10T05:31:12.411+0000] {logging_mixin.py:151} WARNING - /home/***/.local/lib/python3.8/site-packages/***/settings.py:195 DeprecationWarning: The sql_alchemy_conn option in [core] has been moved to the sql_alchemy_conn option in [database] - the old setting has been used, but please update your config.
[2025-12-10T05:31:12.481+0000] {task_command.py:415} INFO - Running <TaskInstance: crypto_dbt_docker.dbt_run scheduled__2025-12-10T05:30:00+00:00 [running]> on host 35423fd881ec
[2025-12-10T05:31:12.656+0000] {taskinstance.py:1660} INFO - Exporting env vars: AIRFLOW_CTX_DAG_OWNER='***' AIRFLOW_CTX_DAG_ID='crypto_dbt_docker' AIRFLOW_CTX_TASK_ID='dbt_run' AIRFLOW_CTX_EXECUTION_DATE='2025-12-10T05:30:00+00:00' AIRFLOW_CTX_TRY_NUMBER='1' AIRFLOW_CTX_DAG_RUN_ID='scheduled__2025-12-10T05:30:00+00:00'
[2025-12-10T05:31:12.658+0000] {subprocess.py:63} INFO - Tmp dir root location: /tmp
[2025-12-10T05:31:12.660+0000] {subprocess.py:75} INFO - Running command: ['/bin/bash', '-c', 'dbt run --project-dir /opt/***/dbt_project --profiles-dir /opt/***/dbt_profiles']
[2025-12-10T05:31:12.683+0000] {subprocess.py:86} INFO - Output:
[2025-12-10T05:31:16.009+0000] {subprocess.py:93} INFO - [0m05:31:16  Running with dbt=1.8.7
[2025-12-10T05:31:17.878+0000] {subprocess.py:93} INFO - [0m05:31:17  Registered adapter: snowflake=1.8.4
[2025-12-10T05:31:18.715+0000] {subprocess.py:93} INFO - [0m05:31:18  Found 4 models, 1 snapshot, 1 seed, 1 source, 454 macros
[2025-12-10T05:31:18.718+0000] {subprocess.py:93} INFO - [0m05:31:18
[2025-12-10T05:31:22.858+0000] {subprocess.py:93} INFO - [0m05:31:22  Concurrency: 1 threads (target='dev')
[2025-12-10T05:31:22.859+0000] {subprocess.py:93} INFO - [0m05:31:22
[2025-12-10T05:31:22.875+0000] {subprocess.py:93} INFO - [0m05:31:22  1 of 4 START sql view model public.bronze_data ................................. [RUN]
[2025-12-10T05:31:24.714+0000] {subprocess.py:93} INFO - [0m05:31:24  1 of 4 OK created sql view model public.bronze_data ............................ [[32mSUCCESS 1[0m in 1.83s]
[2025-12-10T05:31:24.722+0000] {subprocess.py:93} INFO - [0m05:31:24  2 of 4 START sql table model public.dim_symbol ................................. [RUN]
[2025-12-10T05:31:26.581+0000] {subprocess.py:93} INFO - [0m05:31:26  2 of 4 OK created sql table model public.dim_symbol ............................ [[32mSUCCESS 1[0m in 1.85s]
[2025-12-10T05:31:26.585+0000] {subprocess.py:93} INFO - [0m05:31:26  3 of 4 START sql incremental model public.silver_transformations ............... [RUN]
[2025-12-10T05:31:29.661+0000] {subprocess.py:93} INFO - [0m05:31:29  3 of 4 OK created sql incremental model public.silver_transformations .......... [[32mSUCCESS 0[0m in 3.07s]
[2025-12-10T05:31:29.666+0000] {subprocess.py:93} INFO - [0m05:31:29  4 of 4 START sql incremental model public.fact_trades .......................... [RUN]
[2025-12-10T05:31:33.951+0000] {subprocess.py:93} INFO - [0m05:31:33  4 of 4 OK created sql incremental model public.fact_trades ..................... [[32mSUCCESS 0[0m in 4.28s]
[2025-12-10T05:31:33.958+0000] {subprocess.py:93} INFO - [0m05:31:33
[2025-12-10T05:31:33.959+0000] {subprocess.py:93} INFO - [0m05:31:33  Finished running 1 view model, 1 table model, 2 incremental models in 0 hours 0 minutes and 15.24 seconds (15.24s).
[2025-12-10T05:31:34.047+0000] {subprocess.py:93} INFO - [0m05:31:34
[2025-12-10T05:31:34.048+0000] {subprocess.py:93} INFO - [0m05:31:34  [32mCompleted successfully[0m
[2025-12-10T05:31:34.050+0000] {subprocess.py:93} INFO - [0m05:31:34
[2025-12-10T05:31:34.051+0000] {subprocess.py:93} INFO - [0m05:31:34  Done. PASS=4 WARN=0 ERROR=0 SKIP=0 TOTAL=4
[2025-12-10T05:31:40.658+0000] {subprocess.py:97} INFO - Command exited with return code 0
[2025-12-10T05:31:40.717+0000] {taskinstance.py:1398} INFO - Marking task as SUCCESS. dag_id=crypto_dbt_docker, task_id=dbt_run, execution_date=20251210T053000, start_date=20251210T053112, end_date=20251210T053140
[2025-12-10T05:31:40.781+0000] {local_task_job_runner.py:228} INFO - Task exited with return code 0
[2025-12-10T05:31:40.814+0000] {taskinstance.py:2776} INFO - 1 downstream tasks scheduled from follow-on schedule check
