[2025-12-10T04:51:01.402+0000] {taskinstance.py:1157} INFO - Dependencies all met for dep_context=non-requeueable deps ti=<TaskInstance: crypto_dbt_docker.dbt_run scheduled__2025-12-10T04:50:00+00:00 [queued]>
[2025-12-10T04:51:01.417+0000] {taskinstance.py:1157} INFO - Dependencies all met for dep_context=requeueable deps ti=<TaskInstance: crypto_dbt_docker.dbt_run scheduled__2025-12-10T04:50:00+00:00 [queued]>
[2025-12-10T04:51:01.418+0000] {taskinstance.py:1359} INFO - Starting attempt 1 of 1
[2025-12-10T04:51:01.444+0000] {taskinstance.py:1380} INFO - Executing <Task(BashOperator): dbt_run> on 2025-12-10 04:50:00+00:00
[2025-12-10T04:51:01.455+0000] {standard_task_runner.py:57} INFO - Started process 2331 to run task
[2025-12-10T04:51:01.462+0000] {standard_task_runner.py:84} INFO - Running: ['***', 'tasks', 'run', 'crypto_dbt_docker', 'dbt_run', 'scheduled__2025-12-10T04:50:00+00:00', '--job-id', '74', '--raw', '--subdir', 'DAGS_FOLDER/dbt_pipeline.py', '--cfg-path', '/tmp/tmpikx44qyf']
[2025-12-10T04:51:01.466+0000] {standard_task_runner.py:85} INFO - Job 74: Subtask dbt_run
[2025-12-10T04:51:01.501+0000] {logging_mixin.py:151} WARNING - /home/***/.local/lib/python3.8/site-packages/***/settings.py:195 DeprecationWarning: The sql_alchemy_conn option in [core] has been moved to the sql_alchemy_conn option in [database] - the old setting has been used, but please update your config.
[2025-12-10T04:51:01.571+0000] {task_command.py:415} INFO - Running <TaskInstance: crypto_dbt_docker.dbt_run scheduled__2025-12-10T04:50:00+00:00 [running]> on host 35423fd881ec
[2025-12-10T04:51:01.733+0000] {taskinstance.py:1660} INFO - Exporting env vars: AIRFLOW_CTX_DAG_OWNER='***' AIRFLOW_CTX_DAG_ID='crypto_dbt_docker' AIRFLOW_CTX_TASK_ID='dbt_run' AIRFLOW_CTX_EXECUTION_DATE='2025-12-10T04:50:00+00:00' AIRFLOW_CTX_TRY_NUMBER='1' AIRFLOW_CTX_DAG_RUN_ID='scheduled__2025-12-10T04:50:00+00:00'
[2025-12-10T04:51:01.735+0000] {subprocess.py:63} INFO - Tmp dir root location: /tmp
[2025-12-10T04:51:01.737+0000] {subprocess.py:75} INFO - Running command: ['/bin/bash', '-c', 'dbt run --project-dir /opt/***/dbt_project --profiles-dir /opt/***/dbt_profiles']
[2025-12-10T04:51:01.758+0000] {subprocess.py:86} INFO - Output:
[2025-12-10T04:51:05.285+0000] {subprocess.py:93} INFO - [0m04:51:05  Running with dbt=1.8.7
[2025-12-10T04:51:07.084+0000] {subprocess.py:93} INFO - [0m04:51:07  Registered adapter: snowflake=1.8.4
[2025-12-10T04:51:07.487+0000] {subprocess.py:93} INFO - [0m04:51:07  [[33mWARNING[0m]: Configuration paths exist in your dbt_project.yml file which do not apply to any resources.
[2025-12-10T04:51:07.488+0000] {subprocess.py:93} INFO - There are 1 unused configuration paths:
[2025-12-10T04:51:07.488+0000] {subprocess.py:93} INFO - - models.crypto_transform.gold
[2025-12-10T04:51:07.902+0000] {subprocess.py:93} INFO - [0m04:51:07  Found 2 models, 1 source, 454 macros
[2025-12-10T04:51:07.906+0000] {subprocess.py:93} INFO - [0m04:51:07
[2025-12-10T04:51:13.723+0000] {subprocess.py:93} INFO - [0m04:51:13  Concurrency: 1 threads (target='dev')
[2025-12-10T04:51:13.725+0000] {subprocess.py:93} INFO - [0m04:51:13
[2025-12-10T04:51:13.742+0000] {subprocess.py:93} INFO - [0m04:51:13  1 of 2 START sql view model public.bronze_data ................................. [RUN]
[2025-12-10T04:51:14.470+0000] {subprocess.py:93} INFO - [0m04:51:14  1 of 2 OK created sql view model public.bronze_data ............................ [[32mSUCCESS 1[0m in 0.72s]
[2025-12-10T04:51:14.476+0000] {subprocess.py:93} INFO - [0m04:51:14  2 of 2 START sql incremental model public.silver_transformations ............... [RUN]
[2025-12-10T04:51:18.451+0000] {subprocess.py:93} INFO - [0m04:51:18  2 of 2 OK created sql incremental model public.silver_transformations .......... [[32mSUCCESS 0[0m in 3.97s]
[2025-12-10T04:51:18.459+0000] {subprocess.py:93} INFO - [0m04:51:18
[2025-12-10T04:51:18.460+0000] {subprocess.py:93} INFO - [0m04:51:18  Finished running 1 view model, 1 incremental model in 0 hours 0 minutes and 10.55 seconds (10.55s).
[2025-12-10T04:51:18.537+0000] {subprocess.py:93} INFO - [0m04:51:18
[2025-12-10T04:51:18.538+0000] {subprocess.py:93} INFO - [0m04:51:18  [32mCompleted successfully[0m
[2025-12-10T04:51:18.539+0000] {subprocess.py:93} INFO - [0m04:51:18
[2025-12-10T04:51:18.539+0000] {subprocess.py:93} INFO - [0m04:51:18  Done. PASS=2 WARN=0 ERROR=0 SKIP=0 TOTAL=2
[2025-12-10T04:51:22.020+0000] {subprocess.py:97} INFO - Command exited with return code 0
[2025-12-10T04:51:22.077+0000] {taskinstance.py:1398} INFO - Marking task as SUCCESS. dag_id=crypto_dbt_docker, task_id=dbt_run, execution_date=20251210T045000, start_date=20251210T045101, end_date=20251210T045122
[2025-12-10T04:51:22.158+0000] {local_task_job_runner.py:228} INFO - Task exited with return code 0
[2025-12-10T04:51:22.199+0000] {taskinstance.py:2776} INFO - 1 downstream tasks scheduled from follow-on schedule check
