[2025-12-10T04:09:00.762+0000] {taskinstance.py:1157} INFO - Dependencies all met for dep_context=non-requeueable deps ti=<TaskInstance: crypto_dbt_docker.dbt_run scheduled__2025-12-10T04:08:00+00:00 [queued]>
[2025-12-10T04:09:00.769+0000] {taskinstance.py:1157} INFO - Dependencies all met for dep_context=requeueable deps ti=<TaskInstance: crypto_dbt_docker.dbt_run scheduled__2025-12-10T04:08:00+00:00 [queued]>
[2025-12-10T04:09:00.770+0000] {taskinstance.py:1359} INFO - Starting attempt 1 of 1
[2025-12-10T04:09:00.785+0000] {taskinstance.py:1380} INFO - Executing <Task(BashOperator): dbt_run> on 2025-12-10 04:08:00+00:00
[2025-12-10T04:09:00.792+0000] {standard_task_runner.py:57} INFO - Started process 788 to run task
[2025-12-10T04:09:00.797+0000] {standard_task_runner.py:84} INFO - Running: ['***', 'tasks', 'run', 'crypto_dbt_docker', 'dbt_run', 'scheduled__2025-12-10T04:08:00+00:00', '--job-id', '30', '--raw', '--subdir', 'DAGS_FOLDER/dbt_pipeline.py', '--cfg-path', '/tmp/tmp7wpwvfkj']
[2025-12-10T04:09:00.800+0000] {standard_task_runner.py:85} INFO - Job 30: Subtask dbt_run
[2025-12-10T04:09:00.825+0000] {logging_mixin.py:151} WARNING - /home/***/.local/lib/python3.8/site-packages/***/settings.py:195 DeprecationWarning: The sql_alchemy_conn option in [core] has been moved to the sql_alchemy_conn option in [database] - the old setting has been used, but please update your config.
[2025-12-10T04:09:00.868+0000] {task_command.py:415} INFO - Running <TaskInstance: crypto_dbt_docker.dbt_run scheduled__2025-12-10T04:08:00+00:00 [running]> on host 35423fd881ec
[2025-12-10T04:09:00.967+0000] {taskinstance.py:1660} INFO - Exporting env vars: AIRFLOW_CTX_DAG_OWNER='***' AIRFLOW_CTX_DAG_ID='crypto_dbt_docker' AIRFLOW_CTX_TASK_ID='dbt_run' AIRFLOW_CTX_EXECUTION_DATE='2025-12-10T04:08:00+00:00' AIRFLOW_CTX_TRY_NUMBER='1' AIRFLOW_CTX_DAG_RUN_ID='scheduled__2025-12-10T04:08:00+00:00'
[2025-12-10T04:09:00.969+0000] {subprocess.py:63} INFO - Tmp dir root location: /tmp
[2025-12-10T04:09:00.970+0000] {subprocess.py:75} INFO - Running command: ['/bin/bash', '-c', 'dbt run --project-dir /opt/***/dbt_project --profiles-dir /opt/***/dbt_profiles']
[2025-12-10T04:09:00.984+0000] {subprocess.py:86} INFO - Output:
[2025-12-10T04:09:02.893+0000] {subprocess.py:93} INFO - [0m04:09:02  Running with dbt=1.8.7
[2025-12-10T04:09:03.876+0000] {subprocess.py:93} INFO - [0m04:09:03  Registered adapter: snowflake=1.8.4
[2025-12-10T04:09:04.044+0000] {subprocess.py:93} INFO - [0m04:09:04  [[33mWARNING[0m]: Configuration paths exist in your dbt_project.yml file which do not apply to any resources.
[2025-12-10T04:09:04.044+0000] {subprocess.py:93} INFO - There are 2 unused configuration paths:
[2025-12-10T04:09:04.044+0000] {subprocess.py:93} INFO - - models.crypto_transform.gold
[2025-12-10T04:09:04.044+0000] {subprocess.py:93} INFO - - models.crypto_transform.silver
[2025-12-10T04:09:04.199+0000] {subprocess.py:93} INFO - [0m04:09:04  Found 1 model, 1 source, 454 macros
[2025-12-10T04:09:04.288+0000] {subprocess.py:93} INFO - [0m04:09:04
[2025-12-10T04:09:07.424+0000] {subprocess.py:93} INFO - [0m04:09:07  Concurrency: 1 threads (target='dev')
[2025-12-10T04:09:07.424+0000] {subprocess.py:93} INFO - [0m04:09:07
[2025-12-10T04:09:07.435+0000] {subprocess.py:93} INFO - [0m04:09:07  1 of 1 START sql view model public.bronze_data ................................. [RUN]
[2025-12-10T04:09:09.005+0000] {subprocess.py:93} INFO - [0m04:09:09  1 of 1 ERROR creating sql view model public.bronze_data ........................ [[31mERROR[0m in 1.57s]
[2025-12-10T04:09:09.010+0000] {subprocess.py:93} INFO - [0m04:09:09
[2025-12-10T04:09:09.011+0000] {subprocess.py:93} INFO - [0m04:09:09  Finished running 1 view model in 0 hours 0 minutes and 4.72 seconds (4.72s).
[2025-12-10T04:09:09.051+0000] {subprocess.py:93} INFO - [0m04:09:09
[2025-12-10T04:09:09.052+0000] {subprocess.py:93} INFO - [0m04:09:09  [31mCompleted with 1 error and 0 warnings:[0m
[2025-12-10T04:09:09.052+0000] {subprocess.py:93} INFO - [0m04:09:09
[2025-12-10T04:09:09.053+0000] {subprocess.py:93} INFO - [0m04:09:09    Database Error in model bronze_data (models/bronze/bronze_data.sql)
[2025-12-10T04:09:09.053+0000] {subprocess.py:93} INFO -   003001 (42501): SQL access control error:
[2025-12-10T04:09:09.053+0000] {subprocess.py:93} INFO -   Insufficient privileges to operate on schema 'PUBLIC'.
[2025-12-10T04:09:09.053+0000] {subprocess.py:93} INFO -   compiled code at target/run/crypto_transform/models/bronze/bronze_data.sql
[2025-12-10T04:09:09.053+0000] {subprocess.py:93} INFO - [0m04:09:09
[2025-12-10T04:09:09.054+0000] {subprocess.py:93} INFO - [0m04:09:09  Done. PASS=0 WARN=0 ERROR=1 SKIP=0 TOTAL=1
[2025-12-10T04:09:11.715+0000] {subprocess.py:97} INFO - Command exited with return code 1
[2025-12-10T04:09:11.731+0000] {taskinstance.py:1935} ERROR - Task failed with exception
Traceback (most recent call last):
  File "/home/airflow/.local/lib/python3.8/site-packages/airflow/operators/bash.py", line 210, in execute
    raise AirflowException(
airflow.exceptions.AirflowException: Bash command failed. The command returned a non-zero exit code 1.
[2025-12-10T04:09:11.735+0000] {taskinstance.py:1398} INFO - Marking task as FAILED. dag_id=crypto_dbt_docker, task_id=dbt_run, execution_date=20251210T040800, start_date=20251210T040900, end_date=20251210T040911
[2025-12-10T04:09:11.754+0000] {standard_task_runner.py:104} ERROR - Failed to execute job 30 for task dbt_run (Bash command failed. The command returned a non-zero exit code 1.; 788)
[2025-12-10T04:09:11.789+0000] {local_task_job_runner.py:228} INFO - Task exited with return code 1
[2025-12-10T04:09:11.815+0000] {taskinstance.py:2776} INFO - 0 downstream tasks scheduled from follow-on schedule check
