[2025-12-10T04:49:01.269+0000] {taskinstance.py:1157} INFO - Dependencies all met for dep_context=non-requeueable deps ti=<TaskInstance: crypto_dbt_docker.dbt_run scheduled__2025-12-10T04:48:00+00:00 [queued]>
[2025-12-10T04:49:01.291+0000] {taskinstance.py:1157} INFO - Dependencies all met for dep_context=requeueable deps ti=<TaskInstance: crypto_dbt_docker.dbt_run scheduled__2025-12-10T04:48:00+00:00 [queued]>
[2025-12-10T04:49:01.291+0000] {taskinstance.py:1359} INFO - Starting attempt 1 of 1
[2025-12-10T04:49:01.328+0000] {taskinstance.py:1380} INFO - Executing <Task(BashOperator): dbt_run> on 2025-12-10 04:48:00+00:00
[2025-12-10T04:49:01.344+0000] {standard_task_runner.py:57} INFO - Started process 2223 to run task
[2025-12-10T04:49:01.352+0000] {standard_task_runner.py:84} INFO - Running: ['***', 'tasks', 'run', 'crypto_dbt_docker', 'dbt_run', 'scheduled__2025-12-10T04:48:00+00:00', '--job-id', '70', '--raw', '--subdir', 'DAGS_FOLDER/dbt_pipeline.py', '--cfg-path', '/tmp/tmpxdp2wz2k']
[2025-12-10T04:49:01.361+0000] {standard_task_runner.py:85} INFO - Job 70: Subtask dbt_run
[2025-12-10T04:49:01.403+0000] {logging_mixin.py:151} WARNING - /home/***/.local/lib/python3.8/site-packages/***/settings.py:195 DeprecationWarning: The sql_alchemy_conn option in [core] has been moved to the sql_alchemy_conn option in [database] - the old setting has been used, but please update your config.
[2025-12-10T04:49:01.472+0000] {task_command.py:415} INFO - Running <TaskInstance: crypto_dbt_docker.dbt_run scheduled__2025-12-10T04:48:00+00:00 [running]> on host 35423fd881ec
[2025-12-10T04:49:01.637+0000] {taskinstance.py:1660} INFO - Exporting env vars: AIRFLOW_CTX_DAG_OWNER='***' AIRFLOW_CTX_DAG_ID='crypto_dbt_docker' AIRFLOW_CTX_TASK_ID='dbt_run' AIRFLOW_CTX_EXECUTION_DATE='2025-12-10T04:48:00+00:00' AIRFLOW_CTX_TRY_NUMBER='1' AIRFLOW_CTX_DAG_RUN_ID='scheduled__2025-12-10T04:48:00+00:00'
[2025-12-10T04:49:01.639+0000] {subprocess.py:63} INFO - Tmp dir root location: /tmp
[2025-12-10T04:49:01.641+0000] {subprocess.py:75} INFO - Running command: ['/bin/bash', '-c', 'dbt run --project-dir /opt/***/dbt_project --profiles-dir /opt/***/dbt_profiles']
[2025-12-10T04:49:01.664+0000] {subprocess.py:86} INFO - Output:
[2025-12-10T04:49:05.030+0000] {subprocess.py:93} INFO - [0m04:49:05  Running with dbt=1.8.7
[2025-12-10T04:49:06.991+0000] {subprocess.py:93} INFO - [0m04:49:06  Registered adapter: snowflake=1.8.4
[2025-12-10T04:49:07.357+0000] {subprocess.py:93} INFO - [0m04:49:07  [[33mWARNING[0m]: Configuration paths exist in your dbt_project.yml file which do not apply to any resources.
[2025-12-10T04:49:07.358+0000] {subprocess.py:93} INFO - There are 1 unused configuration paths:
[2025-12-10T04:49:07.358+0000] {subprocess.py:93} INFO - - models.crypto_transform.gold
[2025-12-10T04:49:07.797+0000] {subprocess.py:93} INFO - [0m04:49:07  Found 2 models, 1 source, 454 macros
[2025-12-10T04:49:07.802+0000] {subprocess.py:93} INFO - [0m04:49:07
[2025-12-10T04:49:11.736+0000] {subprocess.py:93} INFO - [0m04:49:11  Concurrency: 1 threads (target='dev')
[2025-12-10T04:49:11.738+0000] {subprocess.py:93} INFO - [0m04:49:11
[2025-12-10T04:49:11.756+0000] {subprocess.py:93} INFO - [0m04:49:11  1 of 2 START sql view model public.bronze_data ................................. [RUN]
[2025-12-10T04:49:13.384+0000] {subprocess.py:93} INFO - [0m04:49:13  1 of 2 OK created sql view model public.bronze_data ............................ [[32mSUCCESS 1[0m in 1.62s]
[2025-12-10T04:49:13.390+0000] {subprocess.py:93} INFO - [0m04:49:13  2 of 2 START sql incremental model public.silver_transformations ............... [RUN]
[2025-12-10T04:49:18.196+0000] {subprocess.py:93} INFO - [0m04:49:18  2 of 2 OK created sql incremental model public.silver_transformations .......... [[32mSUCCESS 1[0m in 4.80s]
[2025-12-10T04:49:18.206+0000] {subprocess.py:93} INFO - [0m04:49:18
[2025-12-10T04:49:18.207+0000] {subprocess.py:93} INFO - [0m04:49:18  Finished running 1 view model, 1 incremental model in 0 hours 0 minutes and 10.40 seconds (10.40s).
[2025-12-10T04:49:18.306+0000] {subprocess.py:93} INFO - [0m04:49:18
[2025-12-10T04:49:18.308+0000] {subprocess.py:93} INFO - [0m04:49:18  [32mCompleted successfully[0m
[2025-12-10T04:49:18.309+0000] {subprocess.py:93} INFO - [0m04:49:18
[2025-12-10T04:49:18.310+0000] {subprocess.py:93} INFO - [0m04:49:18  Done. PASS=2 WARN=0 ERROR=0 SKIP=0 TOTAL=2
[2025-12-10T04:49:22.296+0000] {subprocess.py:97} INFO - Command exited with return code 0
[2025-12-10T04:49:22.363+0000] {taskinstance.py:1398} INFO - Marking task as SUCCESS. dag_id=crypto_dbt_docker, task_id=dbt_run, execution_date=20251210T044800, start_date=20251210T044901, end_date=20251210T044922
[2025-12-10T04:49:22.422+0000] {local_task_job_runner.py:228} INFO - Task exited with return code 0
[2025-12-10T04:49:22.461+0000] {taskinstance.py:2776} INFO - 1 downstream tasks scheduled from follow-on schedule check
