[2025-12-09T05:38:09.593+0000] {manager.py:487} INFO - Processing files using up to 2 processes at a time 
[2025-12-09T05:38:09.593+0000] {manager.py:488} INFO - Process each file at most once every 30 seconds
[2025-12-09T05:38:09.594+0000] {manager.py:489} INFO - Checking for new files in /opt/airflow/dags every 300 seconds
[2025-12-09T05:38:09.594+0000] {manager.py:759} INFO - Searching for files in /opt/airflow/dags
[2025-12-09T05:38:09.595+0000] {manager.py:762} INFO - There are 1 files in /opt/airflow/dags
[2025-12-09T05:38:09.684+0000] {manager.py:893} INFO - 
================================================================================
DAG File Processing Stats

File Path                            PID  Runtime      # DAGs    # Errors  Last Runtime    Last Run
---------------------------------  -----  ---------  --------  ----------  --------------  ----------
/opt/airflow/dags/dbt_pipeline.py    170  0.04s             0           0
================================================================================
[2025-12-09T05:38:39.520+0000] {manager.py:893} INFO - 
================================================================================
DAG File Processing Stats

File Path                          PID    Runtime      # DAGs    # Errors  Last Runtime    Last Run
---------------------------------  -----  ---------  --------  ----------  --------------  -------------------
/opt/airflow/dags/dbt_pipeline.py                           1           0  0.52s           2025-12-09T05:38:10
================================================================================
[2025-12-09T05:39:09.419+0000] {manager.py:893} INFO - 
================================================================================
DAG File Processing Stats

File Path                          PID    Runtime      # DAGs    # Errors  Last Runtime    Last Run
---------------------------------  -----  ---------  --------  ----------  --------------  -------------------
/opt/airflow/dags/dbt_pipeline.py                           1           0  0.13s           2025-12-09T05:38:40
================================================================================
[2025-12-09T05:39:39.397+0000] {manager.py:893} INFO - 
================================================================================
DAG File Processing Stats

File Path                          PID    Runtime      # DAGs    # Errors  Last Runtime    Last Run
---------------------------------  -----  ---------  --------  ----------  --------------  -------------------
/opt/airflow/dags/dbt_pipeline.py                           1           0  0.12s           2025-12-09T05:39:11
================================================================================
[2025-12-09T05:40:09.288+0000] {manager.py:893} INFO - 
================================================================================
DAG File Processing Stats

File Path                          PID    Runtime      # DAGs    # Errors  Last Runtime    Last Run
---------------------------------  -----  ---------  --------  ----------  --------------  -------------------
/opt/airflow/dags/dbt_pipeline.py                           1           0  0.31s           2025-12-09T05:39:42
================================================================================
[2025-12-09T05:40:39.169+0000] {manager.py:893} INFO - 
================================================================================
DAG File Processing Stats

File Path                          PID    Runtime      # DAGs    # Errors  Last Runtime    Last Run
---------------------------------  -----  ---------  --------  ----------  --------------  -------------------
/opt/airflow/dags/dbt_pipeline.py                           1           0  0.27s           2025-12-09T05:40:13
================================================================================
[2025-12-09T05:41:09.347+0000] {manager.py:893} INFO - 
================================================================================
DAG File Processing Stats

File Path                          PID    Runtime      # DAGs    # Errors  Last Runtime    Last Run
---------------------------------  -----  ---------  --------  ----------  --------------  -------------------
/opt/airflow/dags/dbt_pipeline.py                           1           0  0.43s           2025-12-09T05:40:44
================================================================================
[2025-12-09T05:41:39.453+0000] {manager.py:893} INFO - 
================================================================================
DAG File Processing Stats

File Path                          PID    Runtime      # DAGs    # Errors  Last Runtime    Last Run
---------------------------------  -----  ---------  --------  ----------  --------------  -------------------
/opt/airflow/dags/dbt_pipeline.py                           1           0  0.29s           2025-12-09T05:41:15
================================================================================
[2025-12-09T05:42:09.578+0000] {manager.py:893} INFO - 
================================================================================
DAG File Processing Stats

File Path                          PID    Runtime      # DAGs    # Errors  Last Runtime    Last Run
---------------------------------  -----  ---------  --------  ----------  --------------  -------------------
/opt/airflow/dags/dbt_pipeline.py                           1           0  0.40s           2025-12-09T05:41:46
================================================================================
[2025-12-09T05:42:39.525+0000] {manager.py:893} INFO - 
================================================================================
DAG File Processing Stats

File Path                          PID    Runtime      # DAGs    # Errors  Last Runtime    Last Run
---------------------------------  -----  ---------  --------  ----------  --------------  -------------------
/opt/airflow/dags/dbt_pipeline.py                           1           0  0.12s           2025-12-09T05:42:17
================================================================================
[2025-12-09T05:42:56.246+0000] {manager.py:469} INFO - Exiting gracefully upon receiving signal 15
