[2025-12-09T05:41:17.402+0000] {taskinstance.py:1157} INFO - Dependencies all met for dep_context=non-requeueable deps ti=<TaskInstance: crypto_dbt_docker.dbt_run scheduled__2025-12-09T05:39:00+00:00 [queued]>
[2025-12-09T05:41:17.410+0000] {taskinstance.py:1157} INFO - Dependencies all met for dep_context=requeueable deps ti=<TaskInstance: crypto_dbt_docker.dbt_run scheduled__2025-12-09T05:39:00+00:00 [queued]>
[2025-12-09T05:41:17.411+0000] {taskinstance.py:1359} INFO - Starting attempt 1 of 1
[2025-12-09T05:41:17.424+0000] {taskinstance.py:1380} INFO - Executing <Task(BashOperator): dbt_run> on 2025-12-09 05:39:00+00:00
[2025-12-09T05:41:17.431+0000] {standard_task_runner.py:57} INFO - Started process 209 to run task
[2025-12-09T05:41:17.435+0000] {standard_task_runner.py:84} INFO - Running: ['***', 'tasks', 'run', 'crypto_dbt_docker', 'dbt_run', 'scheduled__2025-12-09T05:39:00+00:00', '--job-id', '2', '--raw', '--subdir', 'DAGS_FOLDER/dbt_pipeline.py', '--cfg-path', '/tmp/tmptrw61gbv']
[2025-12-09T05:41:17.441+0000] {standard_task_runner.py:85} INFO - Job 2: Subtask dbt_run
[2025-12-09T05:41:17.461+0000] {logging_mixin.py:151} WARNING - /home/***/.local/lib/python3.8/site-packages/***/settings.py:195 DeprecationWarning: The sql_alchemy_conn option in [core] has been moved to the sql_alchemy_conn option in [database] - the old setting has been used, but please update your config.
[2025-12-09T05:41:17.504+0000] {task_command.py:415} INFO - Running <TaskInstance: crypto_dbt_docker.dbt_run scheduled__2025-12-09T05:39:00+00:00 [running]> on host 5966c1e062ab
[2025-12-09T05:41:17.605+0000] {taskinstance.py:1660} INFO - Exporting env vars: AIRFLOW_CTX_DAG_OWNER='***' AIRFLOW_CTX_DAG_ID='crypto_dbt_docker' AIRFLOW_CTX_TASK_ID='dbt_run' AIRFLOW_CTX_EXECUTION_DATE='2025-12-09T05:39:00+00:00' AIRFLOW_CTX_TRY_NUMBER='1' AIRFLOW_CTX_DAG_RUN_ID='scheduled__2025-12-09T05:39:00+00:00'
[2025-12-09T05:41:17.607+0000] {subprocess.py:63} INFO - Tmp dir root location: /tmp
[2025-12-09T05:41:17.608+0000] {subprocess.py:75} INFO - Running command: ['/bin/bash', '-c', 'dbt run --project-dir /opt/***/dbt_project --profiles-dir /opt/***/dbt_profiles']
[2025-12-09T05:41:17.623+0000] {subprocess.py:86} INFO - Output:
[2025-12-09T05:41:19.985+0000] {subprocess.py:93} INFO - [0m05:41:19  Running with dbt=1.8.7
[2025-12-09T05:41:19.987+0000] {subprocess.py:93} INFO - [0m05:41:19  Encountered an error:
[2025-12-09T05:41:19.987+0000] {subprocess.py:93} INFO - Runtime Error
[2025-12-09T05:41:19.987+0000] {subprocess.py:93} INFO -   No dbt_project.yml found at expected path /opt/***/dbt_project/dbt_project.yml
[2025-12-09T05:41:19.987+0000] {subprocess.py:93} INFO -   Verify that each entry within packages.yml (and their transitive dependencies) contains a file named dbt_project.yml
[2025-12-09T05:41:19.987+0000] {subprocess.py:93} INFO - 
[2025-12-09T05:41:20.252+0000] {subprocess.py:97} INFO - Command exited with return code 2
[2025-12-09T05:41:20.268+0000] {taskinstance.py:1935} ERROR - Task failed with exception
Traceback (most recent call last):
  File "/home/airflow/.local/lib/python3.8/site-packages/airflow/operators/bash.py", line 210, in execute
    raise AirflowException(
airflow.exceptions.AirflowException: Bash command failed. The command returned a non-zero exit code 2.
[2025-12-09T05:41:20.271+0000] {taskinstance.py:1398} INFO - Marking task as FAILED. dag_id=crypto_dbt_docker, task_id=dbt_run, execution_date=20251209T053900, start_date=20251209T054117, end_date=20251209T054120
[2025-12-09T05:41:20.286+0000] {standard_task_runner.py:104} ERROR - Failed to execute job 2 for task dbt_run (Bash command failed. The command returned a non-zero exit code 2.; 209)
[2025-12-09T05:41:20.298+0000] {local_task_job_runner.py:228} INFO - Task exited with return code 1
[2025-12-09T05:41:20.325+0000] {taskinstance.py:2776} INFO - 0 downstream tasks scheduled from follow-on schedule check
