[2025-12-10T04:50:01.611+0000] {taskinstance.py:1157} INFO - Dependencies all met for dep_context=non-requeueable deps ti=<TaskInstance: crypto_dbt_docker.dbt_run scheduled__2025-12-10T04:49:00+00:00 [queued]>
[2025-12-10T04:50:01.634+0000] {taskinstance.py:1157} INFO - Dependencies all met for dep_context=requeueable deps ti=<TaskInstance: crypto_dbt_docker.dbt_run scheduled__2025-12-10T04:49:00+00:00 [queued]>
[2025-12-10T04:50:01.635+0000] {taskinstance.py:1359} INFO - Starting attempt 1 of 1
[2025-12-10T04:50:01.671+0000] {taskinstance.py:1380} INFO - Executing <Task(BashOperator): dbt_run> on 2025-12-10 04:49:00+00:00
[2025-12-10T04:50:01.688+0000] {standard_task_runner.py:57} INFO - Started process 2277 to run task
[2025-12-10T04:50:01.698+0000] {standard_task_runner.py:84} INFO - Running: ['***', 'tasks', 'run', 'crypto_dbt_docker', 'dbt_run', 'scheduled__2025-12-10T04:49:00+00:00', '--job-id', '72', '--raw', '--subdir', 'DAGS_FOLDER/dbt_pipeline.py', '--cfg-path', '/tmp/tmpcqcmqial']
[2025-12-10T04:50:01.708+0000] {standard_task_runner.py:85} INFO - Job 72: Subtask dbt_run
[2025-12-10T04:50:01.771+0000] {logging_mixin.py:151} WARNING - /home/***/.local/lib/python3.8/site-packages/***/settings.py:195 DeprecationWarning: The sql_alchemy_conn option in [core] has been moved to the sql_alchemy_conn option in [database] - the old setting has been used, but please update your config.
[2025-12-10T04:50:01.877+0000] {task_command.py:415} INFO - Running <TaskInstance: crypto_dbt_docker.dbt_run scheduled__2025-12-10T04:49:00+00:00 [running]> on host 35423fd881ec
[2025-12-10T04:50:02.070+0000] {taskinstance.py:1660} INFO - Exporting env vars: AIRFLOW_CTX_DAG_OWNER='***' AIRFLOW_CTX_DAG_ID='crypto_dbt_docker' AIRFLOW_CTX_TASK_ID='dbt_run' AIRFLOW_CTX_EXECUTION_DATE='2025-12-10T04:49:00+00:00' AIRFLOW_CTX_TRY_NUMBER='1' AIRFLOW_CTX_DAG_RUN_ID='scheduled__2025-12-10T04:49:00+00:00'
[2025-12-10T04:50:02.073+0000] {subprocess.py:63} INFO - Tmp dir root location: /tmp
[2025-12-10T04:50:02.075+0000] {subprocess.py:75} INFO - Running command: ['/bin/bash', '-c', 'dbt run --project-dir /opt/***/dbt_project --profiles-dir /opt/***/dbt_profiles']
[2025-12-10T04:50:02.102+0000] {subprocess.py:86} INFO - Output:
[2025-12-10T04:50:05.476+0000] {subprocess.py:93} INFO - [0m04:50:05  Running with dbt=1.8.7
[2025-12-10T04:50:07.130+0000] {subprocess.py:93} INFO - [0m04:50:07  Registered adapter: snowflake=1.8.4
[2025-12-10T04:50:07.487+0000] {subprocess.py:93} INFO - [0m04:50:07  [[33mWARNING[0m]: Configuration paths exist in your dbt_project.yml file which do not apply to any resources.
[2025-12-10T04:50:07.487+0000] {subprocess.py:93} INFO - There are 1 unused configuration paths:
[2025-12-10T04:50:07.488+0000] {subprocess.py:93} INFO - - models.crypto_transform.gold
[2025-12-10T04:50:07.877+0000] {subprocess.py:93} INFO - [0m04:50:07  Found 2 models, 1 source, 454 macros
[2025-12-10T04:50:07.882+0000] {subprocess.py:93} INFO - [0m04:50:07
[2025-12-10T04:50:12.323+0000] {subprocess.py:93} INFO - [0m04:50:12  Concurrency: 1 threads (target='dev')
[2025-12-10T04:50:12.324+0000] {subprocess.py:93} INFO - [0m04:50:12
[2025-12-10T04:50:12.343+0000] {subprocess.py:93} INFO - [0m04:50:12  1 of 2 START sql view model public.bronze_data ................................. [RUN]
[2025-12-10T04:50:14.337+0000] {subprocess.py:93} INFO - [0m04:50:14  1 of 2 OK created sql view model public.bronze_data ............................ [[32mSUCCESS 1[0m in 1.99s]
[2025-12-10T04:50:14.343+0000] {subprocess.py:93} INFO - [0m04:50:14  2 of 2 START sql incremental model public.silver_transformations ............... [RUN]
[2025-12-10T04:50:18.507+0000] {subprocess.py:93} INFO - [0m04:50:18  2 of 2 OK created sql incremental model public.silver_transformations .......... [[32mSUCCESS 0[0m in 4.16s]
[2025-12-10T04:50:18.517+0000] {subprocess.py:93} INFO - [0m04:50:18
[2025-12-10T04:50:18.519+0000] {subprocess.py:93} INFO - [0m04:50:18  Finished running 1 view model, 1 incremental model in 0 hours 0 minutes and 10.63 seconds (10.63s).
[2025-12-10T04:50:18.595+0000] {subprocess.py:93} INFO - [0m04:50:18
[2025-12-10T04:50:18.597+0000] {subprocess.py:93} INFO - [0m04:50:18  [32mCompleted successfully[0m
[2025-12-10T04:50:18.598+0000] {subprocess.py:93} INFO - [0m04:50:18
[2025-12-10T04:50:18.599+0000] {subprocess.py:93} INFO - [0m04:50:18  Done. PASS=2 WARN=0 ERROR=0 SKIP=0 TOTAL=2
[2025-12-10T04:50:21.759+0000] {subprocess.py:97} INFO - Command exited with return code 0
[2025-12-10T04:50:21.817+0000] {taskinstance.py:1398} INFO - Marking task as SUCCESS. dag_id=crypto_dbt_docker, task_id=dbt_run, execution_date=20251210T044900, start_date=20251210T045001, end_date=20251210T045021
[2025-12-10T04:50:21.949+0000] {local_task_job_runner.py:228} INFO - Task exited with return code 0
[2025-12-10T04:50:21.984+0000] {taskinstance.py:2776} INFO - 0 downstream tasks scheduled from follow-on schedule check
