[2025-12-10T05:30:01.751+0000] {taskinstance.py:1157} INFO - Dependencies all met for dep_context=non-requeueable deps ti=<TaskInstance: crypto_dbt_docker.dbt_run scheduled__2025-12-10T05:29:00+00:00 [queued]>
[2025-12-10T05:30:01.764+0000] {taskinstance.py:1157} INFO - Dependencies all met for dep_context=requeueable deps ti=<TaskInstance: crypto_dbt_docker.dbt_run scheduled__2025-12-10T05:29:00+00:00 [queued]>
[2025-12-10T05:30:01.765+0000] {taskinstance.py:1359} INFO - Starting attempt 1 of 1
[2025-12-10T05:30:01.791+0000] {taskinstance.py:1380} INFO - Executing <Task(BashOperator): dbt_run> on 2025-12-10 05:29:00+00:00
[2025-12-10T05:30:01.805+0000] {standard_task_runner.py:57} INFO - Started process 3197 to run task
[2025-12-10T05:30:01.811+0000] {standard_task_runner.py:84} INFO - Running: ['***', 'tasks', 'run', 'crypto_dbt_docker', 'dbt_run', 'scheduled__2025-12-10T05:29:00+00:00', '--job-id', '88', '--raw', '--subdir', 'DAGS_FOLDER/dbt_pipeline.py', '--cfg-path', '/tmp/tmp4qa08yss']
[2025-12-10T05:30:01.816+0000] {standard_task_runner.py:85} INFO - Job 88: Subtask dbt_run
[2025-12-10T05:30:01.852+0000] {logging_mixin.py:151} WARNING - /home/***/.local/lib/python3.8/site-packages/***/settings.py:195 DeprecationWarning: The sql_alchemy_conn option in [core] has been moved to the sql_alchemy_conn option in [database] - the old setting has been used, but please update your config.
[2025-12-10T05:30:01.924+0000] {task_command.py:415} INFO - Running <TaskInstance: crypto_dbt_docker.dbt_run scheduled__2025-12-10T05:29:00+00:00 [running]> on host 35423fd881ec
[2025-12-10T05:30:02.089+0000] {taskinstance.py:1660} INFO - Exporting env vars: AIRFLOW_CTX_DAG_OWNER='***' AIRFLOW_CTX_DAG_ID='crypto_dbt_docker' AIRFLOW_CTX_TASK_ID='dbt_run' AIRFLOW_CTX_EXECUTION_DATE='2025-12-10T05:29:00+00:00' AIRFLOW_CTX_TRY_NUMBER='1' AIRFLOW_CTX_DAG_RUN_ID='scheduled__2025-12-10T05:29:00+00:00'
[2025-12-10T05:30:02.091+0000] {subprocess.py:63} INFO - Tmp dir root location: /tmp
[2025-12-10T05:30:02.093+0000] {subprocess.py:75} INFO - Running command: ['/bin/bash', '-c', 'dbt run --project-dir /opt/***/dbt_project --profiles-dir /opt/***/dbt_profiles']
[2025-12-10T05:30:02.113+0000] {subprocess.py:86} INFO - Output:
[2025-12-10T05:30:05.463+0000] {subprocess.py:93} INFO - [0m05:30:05  Running with dbt=1.8.7
[2025-12-10T05:30:07.296+0000] {subprocess.py:93} INFO - [0m05:30:07  Registered adapter: snowflake=1.8.4
[2025-12-10T05:30:08.279+0000] {subprocess.py:93} INFO - [0m05:30:08  Found 4 models, 1 snapshot, 1 seed, 1 source, 454 macros
[2025-12-10T05:30:08.284+0000] {subprocess.py:93} INFO - [0m05:30:08
[2025-12-10T05:30:12.440+0000] {subprocess.py:93} INFO - [0m05:30:12  Concurrency: 1 threads (target='dev')
[2025-12-10T05:30:12.442+0000] {subprocess.py:93} INFO - [0m05:30:12
[2025-12-10T05:30:12.460+0000] {subprocess.py:93} INFO - [0m05:30:12  1 of 4 START sql view model public.bronze_data ................................. [RUN]
[2025-12-10T05:30:14.065+0000] {subprocess.py:93} INFO - [0m05:30:14  1 of 4 OK created sql view model public.bronze_data ............................ [[32mSUCCESS 1[0m in 1.60s]
[2025-12-10T05:30:14.069+0000] {subprocess.py:93} INFO - [0m05:30:14  2 of 4 START sql table model public.dim_symbol ................................. [RUN]
[2025-12-10T05:30:16.228+0000] {subprocess.py:93} INFO - [0m05:30:16  2 of 4 OK created sql table model public.dim_symbol ............................ [[32mSUCCESS 1[0m in 2.15s]
[2025-12-10T05:30:16.233+0000] {subprocess.py:93} INFO - [0m05:30:16  3 of 4 START sql incremental model public.silver_transformations ............... [RUN]
[2025-12-10T05:30:22.087+0000] {subprocess.py:93} INFO - [0m05:30:22  3 of 4 OK created sql incremental model public.silver_transformations .......... [[32mSUCCESS 0[0m in 5.85s]
[2025-12-10T05:30:22.093+0000] {subprocess.py:93} INFO - [0m05:30:22  4 of 4 START sql incremental model public.fact_trades .......................... [RUN]
[2025-12-10T05:30:25.555+0000] {subprocess.py:93} INFO - [0m05:30:25  4 of 4 OK created sql incremental model public.fact_trades ..................... [[32mSUCCESS 1[0m in 3.46s]
[2025-12-10T05:30:25.562+0000] {subprocess.py:93} INFO - [0m05:30:25
[2025-12-10T05:30:25.563+0000] {subprocess.py:93} INFO - [0m05:30:25  Finished running 1 view model, 1 table model, 2 incremental models in 0 hours 0 minutes and 17.28 seconds (17.28s).
[2025-12-10T05:30:25.634+0000] {subprocess.py:93} INFO - [0m05:30:25
[2025-12-10T05:30:25.635+0000] {subprocess.py:93} INFO - [0m05:30:25  [32mCompleted successfully[0m
[2025-12-10T05:30:25.636+0000] {subprocess.py:93} INFO - [0m05:30:25
[2025-12-10T05:30:25.637+0000] {subprocess.py:93} INFO - [0m05:30:25  Done. PASS=4 WARN=0 ERROR=0 SKIP=0 TOTAL=4
[2025-12-10T05:30:27.877+0000] {subprocess.py:97} INFO - Command exited with return code 0
[2025-12-10T05:30:27.980+0000] {taskinstance.py:1398} INFO - Marking task as SUCCESS. dag_id=crypto_dbt_docker, task_id=dbt_run, execution_date=20251210T052900, start_date=20251210T053001, end_date=20251210T053027
[2025-12-10T05:30:28.056+0000] {local_task_job_runner.py:228} INFO - Task exited with return code 0
[2025-12-10T05:30:28.090+0000] {taskinstance.py:2776} INFO - 1 downstream tasks scheduled from follow-on schedule check
