[2025-12-10T16:08:24.059+0000] {taskinstance.py:1157} INFO - Dependencies all met for dep_context=non-requeueable deps ti=<TaskInstance: crypto_dbt_docker.dbt_run scheduled__2025-12-10T16:07:00+00:00 [queued]>
[2025-12-10T16:08:24.067+0000] {taskinstance.py:1157} INFO - Dependencies all met for dep_context=requeueable deps ti=<TaskInstance: crypto_dbt_docker.dbt_run scheduled__2025-12-10T16:07:00+00:00 [queued]>
[2025-12-10T16:08:24.067+0000] {taskinstance.py:1359} INFO - Starting attempt 1 of 1
[2025-12-10T16:08:24.082+0000] {taskinstance.py:1380} INFO - Executing <Task(BashOperator): dbt_run> on 2025-12-10 16:07:00+00:00
[2025-12-10T16:08:24.088+0000] {standard_task_runner.py:57} INFO - Started process 221 to run task
[2025-12-10T16:08:24.092+0000] {standard_task_runner.py:84} INFO - Running: ['***', 'tasks', 'run', 'crypto_dbt_docker', 'dbt_run', 'scheduled__2025-12-10T16:07:00+00:00', '--job-id', '2', '--raw', '--subdir', 'DAGS_FOLDER/dbt_pipeline.py', '--cfg-path', '/tmp/tmpm_ezqgpt']
[2025-12-10T16:08:24.095+0000] {standard_task_runner.py:85} INFO - Job 2: Subtask dbt_run
[2025-12-10T16:08:24.119+0000] {logging_mixin.py:151} WARNING - /home/***/.local/lib/python3.8/site-packages/***/settings.py:195 DeprecationWarning: The sql_alchemy_conn option in [core] has been moved to the sql_alchemy_conn option in [database] - the old setting has been used, but please update your config.
[2025-12-10T16:08:24.161+0000] {task_command.py:415} INFO - Running <TaskInstance: crypto_dbt_docker.dbt_run scheduled__2025-12-10T16:07:00+00:00 [running]> on host 99ffe055f756
[2025-12-10T16:08:24.267+0000] {taskinstance.py:1660} INFO - Exporting env vars: AIRFLOW_CTX_DAG_OWNER='***' AIRFLOW_CTX_DAG_ID='crypto_dbt_docker' AIRFLOW_CTX_TASK_ID='dbt_run' AIRFLOW_CTX_EXECUTION_DATE='2025-12-10T16:07:00+00:00' AIRFLOW_CTX_TRY_NUMBER='1' AIRFLOW_CTX_DAG_RUN_ID='scheduled__2025-12-10T16:07:00+00:00'
[2025-12-10T16:08:24.268+0000] {subprocess.py:63} INFO - Tmp dir root location: /tmp
[2025-12-10T16:08:24.270+0000] {subprocess.py:75} INFO - Running command: ['/bin/bash', '-c', 'dbt run --project-dir /opt/***/dbt_project --profiles-dir /opt/***/dbt_profiles']
[2025-12-10T16:08:24.290+0000] {subprocess.py:86} INFO - Output:
[2025-12-10T16:08:26.335+0000] {subprocess.py:93} INFO - [0m16:08:26  Running with dbt=1.8.7
[2025-12-10T16:08:27.484+0000] {subprocess.py:93} INFO - [0m16:08:27  Registered adapter: snowflake=1.8.4
[2025-12-10T16:08:28.032+0000] {subprocess.py:93} INFO - [0m16:08:28  Found 5 models, 1 snapshot, 1 seed, 1 source, 454 macros
[2025-12-10T16:08:28.034+0000] {subprocess.py:93} INFO - [0m16:08:28
[2025-12-10T16:08:31.500+0000] {subprocess.py:93} INFO - [0m16:08:31  Concurrency: 1 threads (target='dev')
[2025-12-10T16:08:31.501+0000] {subprocess.py:93} INFO - [0m16:08:31
[2025-12-10T16:08:31.512+0000] {subprocess.py:93} INFO - [0m16:08:31  1 of 5 START sql view model public.bronze_data ................................. [RUN]
[2025-12-10T16:08:33.350+0000] {subprocess.py:93} INFO - [0m16:08:33  1 of 5 OK created sql view model public.bronze_data ............................ [[32mSUCCESS 1[0m in 1.83s]
[2025-12-10T16:08:33.353+0000] {subprocess.py:93} INFO - [0m16:08:33  2 of 5 START sql table model public.dim_symbol ................................. [RUN]
[2025-12-10T16:08:35.639+0000] {subprocess.py:93} INFO - [0m16:08:35  2 of 5 OK created sql table model public.dim_symbol ............................ [[32mSUCCESS 1[0m in 2.28s]
[2025-12-10T16:08:35.642+0000] {subprocess.py:93} INFO - [0m16:08:35  3 of 5 START sql incremental model public.silver_transformations ............... [RUN]
[2025-12-10T16:08:39.527+0000] {subprocess.py:93} INFO - [0m16:08:39  3 of 5 OK created sql incremental model public.silver_transformations .......... [[32mSUCCESS 0[0m in 3.88s]
[2025-12-10T16:08:39.530+0000] {subprocess.py:93} INFO - [0m16:08:39  4 of 5 START sql incremental model public.fact_trades .......................... [RUN]
[2025-12-10T16:08:43.667+0000] {subprocess.py:93} INFO - [0m16:08:43  4 of 5 OK created sql incremental model public.fact_trades ..................... [[32mSUCCESS 0[0m in 4.13s]
[2025-12-10T16:08:43.671+0000] {subprocess.py:93} INFO - [0m16:08:43  5 of 5 START sql view model public.gold_consumption_view ....................... [RUN]
[2025-12-10T16:08:45.532+0000] {subprocess.py:93} INFO - [0m16:08:45  5 of 5 OK created sql view model public.gold_consumption_view .................. [[32mSUCCESS 1[0m in 1.86s]
[2025-12-10T16:08:45.537+0000] {subprocess.py:93} INFO - [0m16:08:45
[2025-12-10T16:08:45.537+0000] {subprocess.py:93} INFO - [0m16:08:45  Finished running 2 view models, 1 table model, 2 incremental models in 0 hours 0 minutes and 17.50 seconds (17.50s).
[2025-12-10T16:08:45.580+0000] {subprocess.py:93} INFO - [0m16:08:45
[2025-12-10T16:08:45.581+0000] {subprocess.py:93} INFO - [0m16:08:45  [32mCompleted successfully[0m
[2025-12-10T16:08:45.581+0000] {subprocess.py:93} INFO - [0m16:08:45
[2025-12-10T16:08:45.582+0000] {subprocess.py:93} INFO - [0m16:08:45  Done. PASS=5 WARN=0 ERROR=0 SKIP=0 TOTAL=5
[2025-12-10T16:08:48.219+0000] {subprocess.py:97} INFO - Command exited with return code 0
[2025-12-10T16:08:48.256+0000] {taskinstance.py:1398} INFO - Marking task as SUCCESS. dag_id=crypto_dbt_docker, task_id=dbt_run, execution_date=20251210T160700, start_date=20251210T160824, end_date=20251210T160848
[2025-12-10T16:08:48.283+0000] {local_task_job_runner.py:228} INFO - Task exited with return code 0
[2025-12-10T16:08:48.304+0000] {taskinstance.py:2776} INFO - 1 downstream tasks scheduled from follow-on schedule check
