[2025-12-10T04:08:01.085+0000] {taskinstance.py:1157} INFO - Dependencies all met for dep_context=non-requeueable deps ti=<TaskInstance: crypto_dbt_docker.dbt_run scheduled__2025-12-10T04:07:00+00:00 [queued]>
[2025-12-10T04:08:01.092+0000] {taskinstance.py:1157} INFO - Dependencies all met for dep_context=requeueable deps ti=<TaskInstance: crypto_dbt_docker.dbt_run scheduled__2025-12-10T04:07:00+00:00 [queued]>
[2025-12-10T04:08:01.092+0000] {taskinstance.py:1359} INFO - Starting attempt 1 of 1
[2025-12-10T04:08:01.108+0000] {taskinstance.py:1380} INFO - Executing <Task(BashOperator): dbt_run> on 2025-12-10 04:07:00+00:00
[2025-12-10T04:08:01.115+0000] {standard_task_runner.py:57} INFO - Started process 740 to run task
[2025-12-10T04:08:01.119+0000] {standard_task_runner.py:84} INFO - Running: ['***', 'tasks', 'run', 'crypto_dbt_docker', 'dbt_run', 'scheduled__2025-12-10T04:07:00+00:00', '--job-id', '29', '--raw', '--subdir', 'DAGS_FOLDER/dbt_pipeline.py', '--cfg-path', '/tmp/tmpw8m06ghw']
[2025-12-10T04:08:01.121+0000] {standard_task_runner.py:85} INFO - Job 29: Subtask dbt_run
[2025-12-10T04:07:59.894+0000] {logging_mixin.py:151} WARNING - /home/***/.local/lib/python3.8/site-packages/***/settings.py:195 DeprecationWarning: The sql_alchemy_conn option in [core] has been moved to the sql_alchemy_conn option in [database] - the old setting has been used, but please update your config.
[2025-12-10T04:07:59.940+0000] {task_command.py:415} INFO - Running <TaskInstance: crypto_dbt_docker.dbt_run scheduled__2025-12-10T04:07:00+00:00 [running]> on host 35423fd881ec
[2025-12-10T04:08:00.035+0000] {taskinstance.py:1660} INFO - Exporting env vars: AIRFLOW_CTX_DAG_OWNER='***' AIRFLOW_CTX_DAG_ID='crypto_dbt_docker' AIRFLOW_CTX_TASK_ID='dbt_run' AIRFLOW_CTX_EXECUTION_DATE='2025-12-10T04:07:00+00:00' AIRFLOW_CTX_TRY_NUMBER='1' AIRFLOW_CTX_DAG_RUN_ID='scheduled__2025-12-10T04:07:00+00:00'
[2025-12-10T04:08:00.037+0000] {subprocess.py:63} INFO - Tmp dir root location: /tmp
[2025-12-10T04:08:00.038+0000] {subprocess.py:75} INFO - Running command: ['/bin/bash', '-c', 'dbt run --project-dir /opt/***/dbt_project --profiles-dir /opt/***/dbt_profiles']
[2025-12-10T04:08:00.051+0000] {subprocess.py:86} INFO - Output:
[2025-12-10T04:08:01.807+0000] {subprocess.py:93} INFO - [0m04:08:01  Running with dbt=1.8.7
[2025-12-10T04:08:02.797+0000] {subprocess.py:93} INFO - [0m04:08:02  Registered adapter: snowflake=1.8.4
[2025-12-10T04:08:02.926+0000] {subprocess.py:93} INFO - [0m04:08:02  Unable to do partial parsing because profile has changed
[2025-12-10T04:08:04.291+0000] {subprocess.py:93} INFO - [0m04:08:04  [[33mWARNING[0m]: Configuration paths exist in your dbt_project.yml file which do not apply to any resources.
[2025-12-10T04:08:04.292+0000] {subprocess.py:93} INFO - There are 2 unused configuration paths:
[2025-12-10T04:08:04.292+0000] {subprocess.py:93} INFO - - models.crypto_transform.silver
[2025-12-10T04:08:04.292+0000] {subprocess.py:93} INFO - - models.crypto_transform.gold
[2025-12-10T04:08:04.410+0000] {subprocess.py:93} INFO - [0m04:08:04  Found 1 model, 1 source, 454 macros
[2025-12-10T04:08:04.412+0000] {subprocess.py:93} INFO - [0m04:08:04
[2025-12-10T04:08:09.876+0000] {subprocess.py:93} INFO - [0m04:08:09  Concurrency: 1 threads (target='dev')
[2025-12-10T04:08:09.877+0000] {subprocess.py:93} INFO - [0m04:08:09
[2025-12-10T04:08:09.888+0000] {subprocess.py:93} INFO - [0m04:08:09  1 of 1 START sql view model public.bronze_data ................................. [RUN]
[2025-12-10T04:08:11.144+0000] {subprocess.py:93} INFO - [0m04:08:11  1 of 1 ERROR creating sql view model public.bronze_data ........................ [[31mERROR[0m in 1.25s]
[2025-12-10T04:08:11.149+0000] {subprocess.py:93} INFO - [0m04:08:11
[2025-12-10T04:08:11.149+0000] {subprocess.py:93} INFO - [0m04:08:11  Finished running 1 view model in 0 hours 0 minutes and 6.74 seconds (6.74s).
[2025-12-10T04:08:11.187+0000] {subprocess.py:93} INFO - [0m04:08:11
[2025-12-10T04:08:11.188+0000] {subprocess.py:93} INFO - [0m04:08:11  [31mCompleted with 1 error and 0 warnings:[0m
[2025-12-10T04:08:11.188+0000] {subprocess.py:93} INFO - [0m04:08:11
[2025-12-10T04:08:11.189+0000] {subprocess.py:93} INFO - [0m04:08:11    Database Error in model bronze_data (models/bronze/bronze_data.sql)
[2025-12-10T04:08:11.189+0000] {subprocess.py:93} INFO -   003001 (42501): SQL access control error:
[2025-12-10T04:08:11.189+0000] {subprocess.py:93} INFO -   Insufficient privileges to operate on schema 'PUBLIC'.
[2025-12-10T04:08:11.189+0000] {subprocess.py:93} INFO -   compiled code at target/run/crypto_transform/models/bronze/bronze_data.sql
[2025-12-10T04:08:11.190+0000] {subprocess.py:93} INFO - [0m04:08:11
[2025-12-10T04:08:11.190+0000] {subprocess.py:93} INFO - [0m04:08:11  Done. PASS=0 WARN=0 ERROR=1 SKIP=0 TOTAL=1
[2025-12-10T04:08:12.969+0000] {subprocess.py:97} INFO - Command exited with return code 1
[2025-12-10T04:08:12.990+0000] {taskinstance.py:1935} ERROR - Task failed with exception
Traceback (most recent call last):
  File "/home/airflow/.local/lib/python3.8/site-packages/airflow/operators/bash.py", line 210, in execute
    raise AirflowException(
airflow.exceptions.AirflowException: Bash command failed. The command returned a non-zero exit code 1.
[2025-12-10T04:08:12.994+0000] {taskinstance.py:1398} INFO - Marking task as FAILED. dag_id=crypto_dbt_docker, task_id=dbt_run, execution_date=20251210T040700, start_date=20251210T040801, end_date=20251210T040812
[2025-12-10T04:08:13.015+0000] {standard_task_runner.py:104} ERROR - Failed to execute job 29 for task dbt_run (Bash command failed. The command returned a non-zero exit code 1.; 740)
[2025-12-10T04:08:13.034+0000] {local_task_job_runner.py:228} INFO - Task exited with return code 1
[2025-12-10T04:08:13.060+0000] {taskinstance.py:2776} INFO - 0 downstream tasks scheduled from follow-on schedule check
