[2025-12-10T16:09:00.935+0000] {taskinstance.py:1157} INFO - Dependencies all met for dep_context=non-requeueable deps ti=<TaskInstance: crypto_dbt_docker.dbt_run scheduled__2025-12-10T16:08:00+00:00 [queued]>
[2025-12-10T16:09:00.942+0000] {taskinstance.py:1157} INFO - Dependencies all met for dep_context=requeueable deps ti=<TaskInstance: crypto_dbt_docker.dbt_run scheduled__2025-12-10T16:08:00+00:00 [queued]>
[2025-12-10T16:09:00.942+0000] {taskinstance.py:1359} INFO - Starting attempt 1 of 1
[2025-12-10T16:09:00.957+0000] {taskinstance.py:1380} INFO - Executing <Task(BashOperator): dbt_run> on 2025-12-10 16:08:00+00:00
[2025-12-10T16:09:00.964+0000] {standard_task_runner.py:57} INFO - Started process 270 to run task
[2025-12-10T16:09:00.967+0000] {standard_task_runner.py:84} INFO - Running: ['***', 'tasks', 'run', 'crypto_dbt_docker', 'dbt_run', 'scheduled__2025-12-10T16:08:00+00:00', '--job-id', '4', '--raw', '--subdir', 'DAGS_FOLDER/dbt_pipeline.py', '--cfg-path', '/tmp/tmpyzr589qk']
[2025-12-10T16:09:00.970+0000] {standard_task_runner.py:85} INFO - Job 4: Subtask dbt_run
[2025-12-10T16:09:00.991+0000] {logging_mixin.py:151} WARNING - /home/***/.local/lib/python3.8/site-packages/***/settings.py:195 DeprecationWarning: The sql_alchemy_conn option in [core] has been moved to the sql_alchemy_conn option in [database] - the old setting has been used, but please update your config.
[2025-12-10T16:09:01.031+0000] {task_command.py:415} INFO - Running <TaskInstance: crypto_dbt_docker.dbt_run scheduled__2025-12-10T16:08:00+00:00 [running]> on host 99ffe055f756
[2025-12-10T16:09:01.120+0000] {taskinstance.py:1660} INFO - Exporting env vars: AIRFLOW_CTX_DAG_OWNER='***' AIRFLOW_CTX_DAG_ID='crypto_dbt_docker' AIRFLOW_CTX_TASK_ID='dbt_run' AIRFLOW_CTX_EXECUTION_DATE='2025-12-10T16:08:00+00:00' AIRFLOW_CTX_TRY_NUMBER='1' AIRFLOW_CTX_DAG_RUN_ID='scheduled__2025-12-10T16:08:00+00:00'
[2025-12-10T16:09:01.122+0000] {subprocess.py:63} INFO - Tmp dir root location: /tmp
[2025-12-10T16:09:01.123+0000] {subprocess.py:75} INFO - Running command: ['/bin/bash', '-c', 'dbt run --project-dir /opt/***/dbt_project --profiles-dir /opt/***/dbt_profiles']
[2025-12-10T16:09:01.135+0000] {subprocess.py:86} INFO - Output:
[2025-12-10T16:09:02.997+0000] {subprocess.py:93} INFO - [0m16:09:02  Running with dbt=1.8.7
[2025-12-10T16:09:03.931+0000] {subprocess.py:93} INFO - [0m16:09:03  Registered adapter: snowflake=1.8.4
[2025-12-10T16:09:04.595+0000] {subprocess.py:93} INFO - [0m16:09:04  Found 5 models, 1 snapshot, 1 seed, 1 source, 454 macros
[2025-12-10T16:09:04.597+0000] {subprocess.py:93} INFO - [0m16:09:04
[2025-12-10T16:09:07.836+0000] {subprocess.py:93} INFO - [0m16:09:07  Concurrency: 1 threads (target='dev')
[2025-12-10T16:09:07.837+0000] {subprocess.py:93} INFO - [0m16:09:07
[2025-12-10T16:09:07.847+0000] {subprocess.py:93} INFO - [0m16:09:07  1 of 5 START sql view model public.bronze_data ................................. [RUN]
[2025-12-10T16:09:09.485+0000] {subprocess.py:93} INFO - [0m16:09:09  1 of 5 OK created sql view model public.bronze_data ............................ [[32mSUCCESS 1[0m in 1.64s]
[2025-12-10T16:09:09.488+0000] {subprocess.py:93} INFO - [0m16:09:09  2 of 5 START sql table model public.dim_symbol ................................. [RUN]
[2025-12-10T16:09:12.280+0000] {subprocess.py:93} INFO - [0m16:09:12  2 of 5 OK created sql table model public.dim_symbol ............................ [[32mSUCCESS 1[0m in 2.79s]
[2025-12-10T16:09:12.282+0000] {subprocess.py:93} INFO - [0m16:09:12  3 of 5 START sql incremental model public.silver_transformations ............... [RUN]
[2025-12-10T16:09:16.197+0000] {subprocess.py:93} INFO - [0m16:09:16  3 of 5 OK created sql incremental model public.silver_transformations .......... [[32mSUCCESS 0[0m in 3.91s]
[2025-12-10T16:09:16.201+0000] {subprocess.py:93} INFO - [0m16:09:16  4 of 5 START sql incremental model public.fact_trades .......................... [RUN]
[2025-12-10T16:09:19.971+0000] {subprocess.py:93} INFO - [0m16:09:19  4 of 5 OK created sql incremental model public.fact_trades ..................... [[32mSUCCESS 0[0m in 3.77s]
[2025-12-10T16:09:19.975+0000] {subprocess.py:93} INFO - [0m16:09:19  5 of 5 START sql view model public.gold_consumption_view ....................... [RUN]
[2025-12-10T16:09:21.811+0000] {subprocess.py:93} INFO - [0m16:09:21  5 of 5 OK created sql view model public.gold_consumption_view .................. [[32mSUCCESS 1[0m in 1.83s]
[2025-12-10T16:09:21.815+0000] {subprocess.py:93} INFO - [0m16:09:21
[2025-12-10T16:09:21.816+0000] {subprocess.py:93} INFO - [0m16:09:21  Finished running 2 view models, 1 table model, 2 incremental models in 0 hours 0 minutes and 17.22 seconds (17.22s).
[2025-12-10T16:09:21.853+0000] {subprocess.py:93} INFO - [0m16:09:21
[2025-12-10T16:09:21.853+0000] {subprocess.py:93} INFO - [0m16:09:21  [32mCompleted successfully[0m
[2025-12-10T16:09:21.854+0000] {subprocess.py:93} INFO - [0m16:09:21
[2025-12-10T16:09:21.854+0000] {subprocess.py:93} INFO - [0m16:09:21  Done. PASS=5 WARN=0 ERROR=0 SKIP=0 TOTAL=5
[2025-12-10T16:09:23.322+0000] {subprocess.py:97} INFO - Command exited with return code 0
[2025-12-10T16:09:23.364+0000] {taskinstance.py:1398} INFO - Marking task as SUCCESS. dag_id=crypto_dbt_docker, task_id=dbt_run, execution_date=20251210T160800, start_date=20251210T160900, end_date=20251210T160923
[2025-12-10T16:09:23.407+0000] {local_task_job_runner.py:228} INFO - Task exited with return code 0
[2025-12-10T16:09:23.429+0000] {taskinstance.py:2776} INFO - 1 downstream tasks scheduled from follow-on schedule check
