[2025-12-10T04:35:01.982+0000] {taskinstance.py:1157} INFO - Dependencies all met for dep_context=non-requeueable deps ti=<TaskInstance: crypto_dbt_docker.dbt_run scheduled__2025-12-10T04:34:00+00:00 [queued]>
[2025-12-10T04:35:01.998+0000] {taskinstance.py:1157} INFO - Dependencies all met for dep_context=requeueable deps ti=<TaskInstance: crypto_dbt_docker.dbt_run scheduled__2025-12-10T04:34:00+00:00 [queued]>
[2025-12-10T04:35:01.999+0000] {taskinstance.py:1359} INFO - Starting attempt 1 of 1
[2025-12-10T04:35:02.028+0000] {taskinstance.py:1380} INFO - Executing <Task(BashOperator): dbt_run> on 2025-12-10 04:34:00+00:00
[2025-12-10T04:35:02.040+0000] {standard_task_runner.py:57} INFO - Started process 1911 to run task
[2025-12-10T04:35:02.047+0000] {standard_task_runner.py:84} INFO - Running: ['***', 'tasks', 'run', 'crypto_dbt_docker', 'dbt_run', 'scheduled__2025-12-10T04:34:00+00:00', '--job-id', '64', '--raw', '--subdir', 'DAGS_FOLDER/dbt_pipeline.py', '--cfg-path', '/tmp/tmpx6sebq_2']
[2025-12-10T04:35:02.051+0000] {standard_task_runner.py:85} INFO - Job 64: Subtask dbt_run
[2025-12-10T04:35:02.090+0000] {logging_mixin.py:151} WARNING - /home/***/.local/lib/python3.8/site-packages/***/settings.py:195 DeprecationWarning: The sql_alchemy_conn option in [core] has been moved to the sql_alchemy_conn option in [database] - the old setting has been used, but please update your config.
[2025-12-10T04:35:02.164+0000] {task_command.py:415} INFO - Running <TaskInstance: crypto_dbt_docker.dbt_run scheduled__2025-12-10T04:34:00+00:00 [running]> on host 35423fd881ec
[2025-12-10T04:35:02.363+0000] {taskinstance.py:1660} INFO - Exporting env vars: AIRFLOW_CTX_DAG_OWNER='***' AIRFLOW_CTX_DAG_ID='crypto_dbt_docker' AIRFLOW_CTX_TASK_ID='dbt_run' AIRFLOW_CTX_EXECUTION_DATE='2025-12-10T04:34:00+00:00' AIRFLOW_CTX_TRY_NUMBER='1' AIRFLOW_CTX_DAG_RUN_ID='scheduled__2025-12-10T04:34:00+00:00'
[2025-12-10T04:35:02.366+0000] {subprocess.py:63} INFO - Tmp dir root location: /tmp
[2025-12-10T04:35:02.369+0000] {subprocess.py:75} INFO - Running command: ['/bin/bash', '-c', 'dbt run --project-dir /opt/***/dbt_project --profiles-dir /opt/***/dbt_profiles']
[2025-12-10T04:35:02.396+0000] {subprocess.py:86} INFO - Output:
[2025-12-10T04:35:05.750+0000] {subprocess.py:93} INFO - [0m04:35:05  Running with dbt=1.8.7
[2025-12-10T04:35:07.453+0000] {subprocess.py:93} INFO - [0m04:35:07  Registered adapter: snowflake=1.8.4
[2025-12-10T04:35:08.343+0000] {subprocess.py:93} INFO - [0m04:35:08  [[33mWARNING[0m]: Configuration paths exist in your dbt_project.yml file which do not apply to any resources.
[2025-12-10T04:35:08.344+0000] {subprocess.py:93} INFO - There are 2 unused configuration paths:
[2025-12-10T04:35:08.344+0000] {subprocess.py:93} INFO - - models.crypto_transform.silver
[2025-12-10T04:35:08.344+0000] {subprocess.py:93} INFO - - models.crypto_transform.gold
[2025-12-10T04:35:08.643+0000] {subprocess.py:93} INFO - [0m04:35:08  Found 1 model, 1 source, 454 macros
[2025-12-10T04:35:08.646+0000] {subprocess.py:93} INFO - [0m04:35:08
[2025-12-10T04:35:11.918+0000] {subprocess.py:93} INFO - [0m04:35:11  Concurrency: 1 threads (target='dev')
[2025-12-10T04:35:11.919+0000] {subprocess.py:93} INFO - [0m04:35:11
[2025-12-10T04:35:11.938+0000] {subprocess.py:93} INFO - [0m04:35:11  1 of 1 START sql view model public.bronze_data ................................. [RUN]
[2025-12-10T04:35:13.518+0000] {subprocess.py:93} INFO - [0m04:35:13  1 of 1 OK created sql view model public.bronze_data ............................ [[32mSUCCESS 1[0m in 1.57s]
[2025-12-10T04:35:13.525+0000] {subprocess.py:93} INFO - [0m04:35:13
[2025-12-10T04:35:13.526+0000] {subprocess.py:93} INFO - [0m04:35:13  Finished running 1 view model in 0 hours 0 minutes and 4.88 seconds (4.88s).
[2025-12-10T04:35:13.612+0000] {subprocess.py:93} INFO - [0m04:35:13
[2025-12-10T04:35:13.613+0000] {subprocess.py:93} INFO - [0m04:35:13  [32mCompleted successfully[0m
[2025-12-10T04:35:13.614+0000] {subprocess.py:93} INFO - [0m04:35:13
[2025-12-10T04:35:13.615+0000] {subprocess.py:93} INFO - [0m04:35:13  Done. PASS=1 WARN=0 ERROR=0 SKIP=0 TOTAL=1
[2025-12-10T04:35:16.397+0000] {subprocess.py:97} INFO - Command exited with return code 0
[2025-12-10T04:35:16.462+0000] {taskinstance.py:1398} INFO - Marking task as SUCCESS. dag_id=crypto_dbt_docker, task_id=dbt_run, execution_date=20251210T043400, start_date=20251210T043501, end_date=20251210T043516
[2025-12-10T04:35:16.526+0000] {local_task_job_runner.py:228} INFO - Task exited with return code 0
[2025-12-10T04:35:16.559+0000] {taskinstance.py:2776} INFO - 1 downstream tasks scheduled from follow-on schedule check
